This is pdfTeX, Version 3.141592653-2.6-1.40.23 (TeX Live 2021/W32TeX) (preloaded format=pdflatex 2022.1.15)  5 FEB 2022 23:49
entering extended mode
 restricted \write18 enabled.
 %&-line parsing enabled.
**temporal.tex
(./temporal.tex
LaTeX2e <2021-11-15> patch level 1
L3 programming layer <2022-01-12>

! LaTeX Error: Missing \begin{document}.

See the LaTeX manual or LaTeX Companion for explanation.
Type  H <return>  for immediate help.
 ...                                              
                                                  
l.1 <
     !DOCTYPE html> 
Here is how much of TeX's memory you used:
 17 strings out of 480246
 527 string characters out of 5894697
 283873 words of memory out of 5000000
 18061 multiletter control sequences out of 15000+600000
 469259 words of font info for 28 fonts, out of 8000000 for 9000
 14 hyphenation exceptions out of 8191
 13i,0n,12p,60b,14s stack positions out of 5000i,500n,10000p,200000b,80000s

!  ==> Fatal error occurred, no output PDF file produced!
